<html>
<body>
<pre>
<h1>Vision Build Log</h1>
<h2>Project:</h2>
E:\C测试\网络视频教程代码\888\Cubetest\Cubetest.uvproj
Project File Date:  04/09/2016

<h2>Output:</h2>
Build target 'Target 1'
compiling Cubetest.c...
CUBETEST.C(11): error C129: missing ';' before 'code'
Target not created
Build target 'Target 1'
compiling Cubetest.c...
CUBETEST.C(21): error C129: missing ';' before 'code'
Target not created
Build target 'Target 1'
compiling Cubetest.c...
linking...
Program Size: data=14.0 xdata=0 code=399
creating hex file from "Cubetest"...
"Cubetest" - 0 Error(s), 0 Warning(s).
